# JRE version: Java(TM) SE Runtime Environment (8.0_60-b27) (build 1.8.0_60-b27)
# Java VM: Java HotSpot(TM) 64-Bit Server VM (25.60-b23 mixed mode windows-amd64 compressed oops)
Heap:
 PSYoungGen      total 196096K, used 141440K [0x00000000eab00000, 0x00000000fb080000, 0x0000000100000000)
  eden space 182272K, 76% used [0x00000000eab00000,0x00000000f3334330,0x00000000f5d00000)
  from space 13824K, 14% used [0x00000000f5d00000,0x00000000f5eec030,0x00000000f6a80000)
  to   space 13824K, 0% used [0x00000000fa300000,0x00000000fa300000,0x00000000fb080000)
 ParOldGen       total 60416K, used 19441K [0x00000000c0000000, 0x00000000c3b00000, 0x00000000eab00000)
  object space 60416K, 32% used [0x00000000c0000000,0x00000000c12fc7a0,0x00000000c3b00000)
 Metaspace       used 35032K, capacity 36364K, committed 36608K, reserved 1081344K
  class space    used 4758K, capacity 5250K, committed 5376K, reserved 1048576K
GC Heap History (10 events):
Event: 6.485 GC heap before
{Heap before GC invocations=9 (full 1):
 PSYoungGen      total 103424K, used 97318K [0x00000000eab00000, 0x00000000f4600000, 0x0000000100000000)
  eden space 92160K, 100% used [0x00000000eab00000,0x00000000f0500000,0x00000000f0500000)
  from space 11264K, 45% used [0x00000000f0500000,0x00000000f0a09b70,0x00000000f1000000)
  to   space 10240K, 0% used [0x00000000f3c00000,0x00000000f3c00000,0x00000000f4600000)
 ParOldGen       total 60416K, used 7913K [0x00000000c0000000, 0x00000000c3b00000, 0x00000000eab00000)
  object space 60416K, 13% used [0x00000000c0000000,0x00000000c07ba760,0x00000000c3b00000)
 Metaspace       used 24734K, capacity 25276K, committed 25472K, reserved 1071104K
  class space    used 3212K, capacity 3440K, committed 3456K, reserved 1048576K
Event: 6.496 GC heap after
Heap after GC invocations=9 (full 1):
 PSYoungGen      total 147968K, used 6932K [0x00000000eab00000, 0x00000000f4980000, 0x0000000100000000)
  eden space 137728K, 0% used [0x00000000eab00000,0x00000000eab00000,0x00000000f3180000)
  from space 10240K, 67% used [0x00000000f3c00000,0x00000000f42c50a0,0x00000000f4600000)
  to   space 10752K, 0% used [0x00000000f3180000,0x00000000f3180000,0x00000000f3c00000)
 ParOldGen       total 60416K, used 7921K [0x00000000c0000000, 0x00000000c3b00000, 0x00000000eab00000)
  object space 60416K, 13% used [0x00000000c0000000,0x00000000c07bc760,0x00000000c3b00000)
 Metaspace       used 24734K, capacity 25276K, committed 25472K, reserved 1071104K
  class space    used 3212K, capacity 3440K, committed 3456K, reserved 1048576K
}
Event: 7.208 GC heap before
{Heap before GC invocations=10 (full 1):
 PSYoungGen      total 147968K, used 144660K [0x00000000eab00000, 0x00000000f4980000, 0x0000000100000000)
  eden space 137728K, 100% used [0x00000000eab00000,0x00000000f3180000,0x00000000f3180000)
  from space 10240K, 67% used [0x00000000f3c00000,0x00000000f42c50a0,0x00000000f4600000)
  to   space 10752K, 0% used [0x00000000f3180000,0x00000000f3180000,0x00000000f3c00000)
 ParOldGen       total 60416K, used 7921K [0x00000000c0000000, 0x00000000c3b00000, 0x00000000eab00000)
  object space 60416K, 13% used [0x00000000c0000000,0x00000000c07bc760,0x00000000c3b00000)
 Metaspace       used 24795K, capacity 25340K, committed 25472K, reserved 1071104K
  class space    used 3219K, capacity 3440K, committed 3456K, reserved 1048576K
Event: 7.227 GC heap after
Heap after GC invocations=10 (full 1):
 PSYoungGen      total 148480K, used 7104K [0x00000000eab00000, 0x00000000f7500000, 0x0000000100000000)
  eden space 137728K, 0% used [0x00000000eab00000,0x00000000eab00000,0x00000000f3180000)
  from space 10752K, 66% used [0x00000000f3180000,0x00000000f3870060,0x00000000f3c00000)
  to   space 10752K, 0% used [0x00000000f6a80000,0x00000000f6a80000,0x00000000f7500000)
 ParOldGen       total 60416K, used 7929K [0x00000000c0000000, 0x00000000c3b00000, 0x00000000eab00000)
  object space 60416K, 13% used [0x00000000c0000000,0x00000000c07be760,0x00000000c3b00000)
 Metaspace       used 24795K, capacity 25340K, committed 25472K, reserved 1071104K
  class space    used 3219K, capacity 3440K, committed 3456K, reserved 1048576K
}
Event: 8.996 GC heap before
{Heap before GC invocations=11 (full 1):
 PSYoungGen      total 148480K, used 104906K [0x00000000eab00000, 0x00000000f7500000, 0x0000000100000000)
  eden space 137728K, 71% used [0x00000000eab00000,0x00000000f0a82850,0x00000000f3180000)
  from space 10752K, 66% used [0x00000000f3180000,0x00000000f3870060,0x00000000f3c00000)
  to   space 10752K, 0% used [0x00000000f6a80000,0x00000000f6a80000,0x00000000f7500000)
 ParOldGen       total 60416K, used 7929K [0x00000000c0000000, 0x00000000c3b00000, 0x00000000eab00000)
  object space 60416K, 13% used [0x00000000c0000000,0x00000000c07be760,0x00000000c3b00000)
 Metaspace       used 29204K, capacity 30086K, committed 30208K, reserved 1075200K
  class space    used 3961K, capacity 4296K, committed 4352K, reserved 1048576K
Event: 9.012 GC heap after
Heap after GC invocations=11 (full 1):
 PSYoungGen      total 193024K, used 10720K [0x00000000eab00000, 0x00000000f7b00000, 0x0000000100000000)
  eden space 182272K, 0% used [0x00000000eab00000,0x00000000eab00000,0x00000000f5d00000)
  from space 10752K, 99% used [0x00000000f6a80000,0x00000000f74f8060,0x00000000f7500000)
  to   space 13824K, 0% used [0x00000000f5d00000,0x00000000f5d00000,0x00000000f6a80000)
 ParOldGen       total 60416K, used 11997K [0x00000000c0000000, 0x00000000c3b00000, 0x00000000eab00000)
  object space 60416K, 19% used [0x00000000c0000000,0x00000000c0bb7600,0x00000000c3b00000)
 Metaspace       used 29204K, capacity 30086K, committed 30208K, reserved 1075200K
  class space    used 3961K, capacity 4296K, committed 4352K, reserved 1048576K
}
Event: 9.012 GC heap before
{Heap before GC invocations=12 (full 2):
 PSYoungGen      total 193024K, used 10720K [0x00000000eab00000, 0x00000000f7b00000, 0x0000000100000000)
  eden space 182272K, 0% used [0x00000000eab00000,0x00000000eab00000,0x00000000f5d00000)
  from space 10752K, 99% used [0x00000000f6a80000,0x00000000f74f8060,0x00000000f7500000)
  to   space 13824K, 0% used [0x00000000f5d00000,0x00000000f5d00000,0x00000000f6a80000)
 ParOldGen       total 60416K, used 11997K [0x00000000c0000000, 0x00000000c3b00000, 0x00000000eab00000)
  object space 60416K, 19% used [0x00000000c0000000,0x00000000c0bb7600,0x00000000c3b00000)
 Metaspace       used 29204K, capacity 30086K, committed 30208K, reserved 1075200K
  class space    used 3961K, capacity 4296K, committed 4352K, reserved 1048576K
Event: 9.120 GC heap after
Heap after GC invocations=12 (full 2):
 PSYoungGen      total 193024K, used 0K [0x00000000eab00000, 0x00000000f7b00000, 0x0000000100000000)
  eden space 182272K, 0% used [0x00000000eab00000,0x00000000eab00000,0x00000000f5d00000)
  from space 10752K, 0% used [0x00000000f6a80000,0x00000000f6a80000,0x00000000f7500000)
  to   space 13824K, 0% used [0x00000000f5d00000,0x00000000f5d00000,0x00000000f6a80000)
 ParOldGen       total 60416K, used 19433K [0x00000000c0000000, 0x00000000c3b00000, 0x00000000eab00000)
  object space 60416K, 32% used [0x00000000c0000000,0x00000000c12fa7a0,0x00000000c3b00000)
 Metaspace       used 29142K, capacity 29876K, committed 30208K, reserved 1075200K
  class space    used 3946K, capacity 4194K, committed 4352K, reserved 1048576K
}
Event: 12.382 GC heap before
{Heap before GC invocations=13 (full 2):
 PSYoungGen      total 193024K, used 182272K [0x00000000eab00000, 0x00000000f7b00000, 0x0000000100000000)
  eden space 182272K, 100% used [0x00000000eab00000,0x00000000f5d00000,0x00000000f5d00000)
  from space 10752K, 0% used [0x00000000f6a80000,0x00000000f6a80000,0x00000000f7500000)
  to   space 13824K, 0% used [0x00000000f5d00000,0x00000000f5d00000,0x00000000f6a80000)
 ParOldGen       total 60416K, used 19433K [0x00000000c0000000, 0x00000000c3b00000, 0x00000000eab00000)
  object space 60416K, 32% used [0x00000000c0000000,0x00000000c12fa7a0,0x00000000c3b00000)
 Metaspace       used 29441K, capacity 30264K, committed 30464K, reserved 1075200K
  class space    used 3985K, capacity 4284K, committed 4352K, reserved 1048576K
Event: 12.401 GC heap after
Heap after GC invocations=13 (full 2):
 PSYoungGen      total 196096K, used 1968K [0x00000000eab00000, 0x00000000fb080000, 0x0000000100000000)
  eden space 182272K, 0% used [0x00000000eab00000,0x00000000eab00000,0x00000000f5d00000)
  from space 13824K, 14% used [0x00000000f5d00000,0x00000000f5eec030,0x00000000f6a80000)
  to   space 13824K, 0% used [0x00000000fa300000,0x00000000fa300000,0x00000000fb080000)
 ParOldGen       total 60416K, used 19441K [0x00000000c0000000, 0x00000000c3b00000, 0x00000000eab00000)
  object space 60416K, 32% used [0x00000000c0000000,0x00000000c12fc7a0,0x00000000c3b00000)
 Metaspace       used 29441K, capacity 30264K, committed 30464K, reserved 1075200K
  class space    used 3985K, capacity 4284K, committed 4352K, reserved 1048576K
}

