# JRE version: Java(TM) SE Runtime Environment (8.0_60-b27) (build 1.8.0_60-b27)
# Java VM: Java HotSpot(TM) 64-Bit Server VM (25.60-b23 mixed mode windows-amd64 compressed oops)
Heap:
 PSYoungGen      total 141312K, used 71370K [0x00000000eab00000, 0x00000000f5080000, 0x0000000100000000)
  eden space 127488K, 51% used [0x00000000eab00000,0x00000000eea95fa8,0x00000000f2780000)
  from space 13824K, 45% used [0x00000000f2780000,0x00000000f2d9cbf8,0x00000000f3500000)
  to   space 13312K, 0% used [0x00000000f4380000,0x00000000f4380000,0x00000000f5080000)
 ParOldGen       total 66560K, used 16281K [0x00000000c0000000, 0x00000000c4100000, 0x00000000eab00000)
  object space 66560K, 24% used [0x00000000c0000000,0x00000000c0fe6650,0x00000000c4100000)
 Metaspace       used 34979K, capacity 36284K, committed 36608K, reserved 1081344K
  class space    used 4756K, capacity 5283K, committed 5376K, reserved 1048576K
GC Heap History (10 events):
Event: 8.214 GC heap before
{Heap before GC invocations=11 (full 1):
 PSYoungGen      total 109568K, used 16575K [0x00000000eab00000, 0x00000000f3380000, 0x0000000100000000)
  eden space 99328K, 6% used [0x00000000eab00000,0x00000000eb133d00,0x00000000f0c00000)
  from space 10240K, 99% used [0x00000000f0c00000,0x00000000f15fbf40,0x00000000f1600000)
  to   space 12800K, 0% used [0x00000000f2700000,0x00000000f2700000,0x00000000f3380000)
 ParOldGen       total 66560K, used 10610K [0x00000000c0000000, 0x00000000c4100000, 0x00000000eab00000)
  object space 66560K, 15% used [0x00000000c0000000,0x00000000c0a5ca78,0x00000000c4100000)
 Metaspace       used 29146K, capacity 29972K, committed 30208K, reserved 1075200K
  class space    used 3948K, capacity 4262K, committed 4352K, reserved 1048576K
Event: 8.294 GC heap after
Heap after GC invocations=11 (full 1):
 PSYoungGen      total 126464K, used 10338K [0x00000000eab00000, 0x00000000f3480000, 0x0000000100000000)
  eden space 113664K, 0% used [0x00000000eab00000,0x00000000eab00000,0x00000000f1a00000)
  from space 12800K, 80% used [0x00000000f2700000,0x00000000f3118880,0x00000000f3380000)
  to   space 13312K, 0% used [0x00000000f1a00000,0x00000000f1a00000,0x00000000f2700000)
 ParOldGen       total 66560K, used 10610K [0x00000000c0000000, 0x00000000c4100000, 0x00000000eab00000)
  object space 66560K, 15% used [0x00000000c0000000,0x00000000c0a5ca78,0x00000000c4100000)
 Metaspace       used 29146K, capacity 29972K, committed 30208K, reserved 1075200K
  class space    used 3948K, capacity 4262K, committed 4352K, reserved 1048576K
}
Event: 8.294 GC heap before
{Heap before GC invocations=12 (full 2):
 PSYoungGen      total 126464K, used 10338K [0x00000000eab00000, 0x00000000f3480000, 0x0000000100000000)
  eden space 113664K, 0% used [0x00000000eab00000,0x00000000eab00000,0x00000000f1a00000)
  from space 12800K, 80% used [0x00000000f2700000,0x00000000f3118880,0x00000000f3380000)
  to   space 13312K, 0% used [0x00000000f1a00000,0x00000000f1a00000,0x00000000f2700000)
 ParOldGen       total 66560K, used 10610K [0x00000000c0000000, 0x00000000c4100000, 0x00000000eab00000)
  object space 66560K, 15% used [0x00000000c0000000,0x00000000c0a5ca78,0x00000000c4100000)
 Metaspace       used 29146K, capacity 29972K, committed 30208K, reserved 1075200K
  class space    used 3948K, capacity 4262K, committed 4352K, reserved 1048576K
Event: 8.725 GC heap after
Heap after GC invocations=12 (full 2):
 PSYoungGen      total 126464K, used 0K [0x00000000eab00000, 0x00000000f3480000, 0x0000000100000000)
  eden space 113664K, 0% used [0x00000000eab00000,0x00000000eab00000,0x00000000f1a00000)
  from space 12800K, 0% used [0x00000000f2700000,0x00000000f2700000,0x00000000f3380000)
  to   space 13312K, 0% used [0x00000000f1a00000,0x00000000f1a00000,0x00000000f2700000)
 ParOldGen       total 66560K, used 16265K [0x00000000c0000000, 0x00000000c4100000, 0x00000000eab00000)
  object space 66560K, 24% used [0x00000000c0000000,0x00000000c0fe2650,0x00000000c4100000)
 Metaspace       used 29104K, capacity 29812K, committed 30208K, reserved 1075200K
  class space    used 3938K, capacity 4194K, committed 4352K, reserved 1048576K
}
Event: 14.440 GC heap before
{Heap before GC invocations=13 (full 2):
 PSYoungGen      total 126464K, used 113664K [0x00000000eab00000, 0x00000000f3480000, 0x0000000100000000)
  eden space 113664K, 100% used [0x00000000eab00000,0x00000000f1a00000,0x00000000f1a00000)
  from space 12800K, 0% used [0x00000000f2700000,0x00000000f2700000,0x00000000f3380000)
  to   space 13312K, 0% used [0x00000000f1a00000,0x00000000f1a00000,0x00000000f2700000)
 ParOldGen       total 66560K, used 16265K [0x00000000c0000000, 0x00000000c4100000, 0x00000000eab00000)
  object space 66560K, 24% used [0x00000000c0000000,0x00000000c0fe2650,0x00000000c4100000)
 Metaspace       used 29405K, capacity 30212K, committed 30464K, reserved 1075200K
  class space    used 3978K, capacity 4286K, committed 4352K, reserved 1048576K
Event: 14.443 GC heap after
Heap after GC invocations=13 (full 2):
 PSYoungGen      total 126976K, used 1600K [0x00000000eab00000, 0x00000000f4280000, 0x0000000100000000)
  eden space 113664K, 0% used [0x00000000eab00000,0x00000000eab00000,0x00000000f1a00000)
  from space 13312K, 12% used [0x00000000f1a00000,0x00000000f1b90000,0x00000000f2700000)
  to   space 13824K, 0% used [0x00000000f3500000,0x00000000f3500000,0x00000000f4280000)
 ParOldGen       total 66560K, used 16273K [0x00000000c0000000, 0x00000000c4100000, 0x00000000eab00000)
  object space 66560K, 24% used [0x00000000c0000000,0x00000000c0fe4650,0x00000000c4100000)
 Metaspace       used 29405K, capacity 30212K, committed 30464K, reserved 1075200K
  class space    used 3978K, capacity 4286K, committed 4352K, reserved 1048576K
}
Event: 14.790 GC heap before
{Heap before GC invocations=14 (full 2):
 PSYoungGen      total 126976K, used 115264K [0x00000000eab00000, 0x00000000f4280000, 0x0000000100000000)
  eden space 113664K, 100% used [0x00000000eab00000,0x00000000f1a00000,0x00000000f1a00000)
  from space 13312K, 12% used [0x00000000f1a00000,0x00000000f1b90000,0x00000000f2700000)
  to   space 13824K, 0% used [0x00000000f3500000,0x00000000f3500000,0x00000000f4280000)
 ParOldGen       total 66560K, used 16273K [0x00000000c0000000, 0x00000000c4100000, 0x00000000eab00000)
  object space 66560K, 24% used [0x00000000c0000000,0x00000000c0fe4650,0x00000000c4100000)
 Metaspace       used 29408K, capacity 30212K, committed 30464K, reserved 1075200K
  class space    used 3978K, capacity 4286K, committed 4352K, reserved 1048576K
Event: 14.798 GC heap after
Heap after GC invocations=14 (full 2):
 PSYoungGen      total 141312K, used 1440K [0x00000000eab00000, 0x00000000f4380000, 0x0000000100000000)
  eden space 127488K, 0% used [0x00000000eab00000,0x00000000eab00000,0x00000000f2780000)
  from space 13824K, 10% used [0x00000000f3500000,0x00000000f3668000,0x00000000f4280000)
  to   space 13824K, 0% used [0x00000000f2780000,0x00000000f2780000,0x00000000f3500000)
 ParOldGen       total 66560K, used 16273K [0x00000000c0000000, 0x00000000c4100000, 0x00000000eab00000)
  object space 66560K, 24% used [0x00000000c0000000,0x00000000c0fe4650,0x00000000c4100000)
 Metaspace       used 29408K, capacity 30212K, committed 30464K, reserved 1075200K
  class space    used 3978K, capacity 4286K, committed 4352K, reserved 1048576K
}
Event: 15.723 GC heap before
{Heap before GC invocations=15 (full 2):
 PSYoungGen      total 141312K, used 128928K [0x00000000eab00000, 0x00000000f4380000, 0x0000000100000000)
  eden space 127488K, 100% used [0x00000000eab00000,0x00000000f2780000,0x00000000f2780000)
  from space 13824K, 10% used [0x00000000f3500000,0x00000000f3668000,0x00000000f4280000)
  to   space 13824K, 0% used [0x00000000f2780000,0x00000000f2780000,0x00000000f3500000)
 ParOldGen       total 66560K, used 16273K [0x00000000c0000000, 0x00000000c4100000, 0x00000000eab00000)
  object space 66560K, 24% used [0x00000000c0000000,0x00000000c0fe4650,0x00000000c4100000)
 Metaspace       used 30472K, capacity 31678K, committed 32000K, reserved 1077248K
  class space    used 4126K, capacity 4561K, committed 4608K, reserved 1048576K
Event: 15.731 GC heap after
Heap after GC invocations=15 (full 2):
 PSYoungGen      total 141312K, used 6258K [0x00000000eab00000, 0x00000000f5080000, 0x0000000100000000)
  eden space 127488K, 0% used [0x00000000eab00000,0x00000000eab00000,0x00000000f2780000)
  from space 13824K, 45% used [0x00000000f2780000,0x00000000f2d9cbf8,0x00000000f3500000)
  to   space 13312K, 0% used [0x00000000f4380000,0x00000000f4380000,0x00000000f5080000)
 ParOldGen       total 66560K, used 16281K [0x00000000c0000000, 0x00000000c4100000, 0x00000000eab00000)
  object space 66560K, 24% used [0x00000000c0000000,0x00000000c0fe6650,0x00000000c4100000)
 Metaspace       used 30472K, capacity 31678K, committed 32000K, reserved 1077248K
  class space    used 4126K, capacity 4561K, committed 4608K, reserved 1048576K
}

